<?xml version="1.0" encoding="UTF-8"?>
<testsuite name="SolutionTest" tests="3" skipped="0" failures="0" errors="0" timestamp="2022-07-11T10:08:34" hostname="yuanyu-ubuntu" time="0.043">
  <properties/>
  <testcase name="longestIncreasingPathExample1()" classname="SolutionTest" time="0.038"/>
  <testcase name="longestIncreasingPathExample2()" classname="SolutionTest" time="0.001"/>
  <testcase name="longestIncreasingPathExample3()" classname="SolutionTest" time="0.001"/>
  <system-out><![CDATA[]]></system-out>
  <system-err><![CDATA[]]></system-err>
</testsuite>
